' 0:< Initial VM: Avail 134213365 MB, Used 18 MB, Peak 18; RAM: Avail 102287 MB, Used 38 MB, Peak 18 
' 0:< GUI Resource Usage GDI: Avail 10000, Used 0, User: Used 1 
'C 20-Jan-2026 17:30:06.084;  ->UI-less InitNativeInstance 
' 0:< Options::loadOptions: m_strDataLibraryLocations=Imperial Library=C:\ProgramData\Autodesk\RVT 2024\Libraries\English-Imperial\US\, Metric Library=C:\ProgramData\Autodesk\RVT 2024\Libraries\English\US\ (defaultLib==\Library) 
' 0:< Actual language code=ENU 
' 0:< ::0:: Delta VM: Avail -5 -> 134213361 MB, Used +2 -> 21 MB, Peak +2 -> 21 MB; RAM: Avail -40 -> 102247 MB, Used +6 -> 44 MB, Peak +6 -> 44 MB 
' 0:< GUI Resource Usage GDI: Avail 10000, Used 0, User: Used 1 
'  0.905851   1:<<<wait for ForgeUnitsAdapter::configureFolders 
' 0:< ::0:: Delta VM: Avail -7 -> 134213354 MB, Used 21 MB; RAM: Avail -25 -> 102223 MB, Used +0 -> 45 MB, Peak +0 -> 45 MB 
' 0:< GUI Resource Usage GDI: Avail 10000, Used 0, User: Used 1 
' 0:< Interoperability engine "RealDWG Shared 2024" installed version is 24.3.222.0. 
' 0:< ::0:: Delta VM: Avail -11 -> 134213343 MB, Used +0 -> 22 MB, Peak +0 -> 22 MB; RAM: Avail -6 -> 102218 MB, Used +2 -> 48 MB, Peak +2 -> 48 MB 
' 0:< GUI Resource Usage GDI: Avail 10000, Used 0, User: Used 2 
'C 20-Jan-2026 17:30:08.896;  ->loadAllDB (this=000001CB4B789AB0) 
' 0:< ::0:: Delta VM: Avail -183 -> 134213160 MB, Used +15 -> 37 MB, Peak +15 -> 37 MB; RAM: Avail -27 -> 102191 MB, Used +57 -> 105 MB, Peak +57 -> 105 MB 
' 0:< GUI Resource Usage GDI: Avail 10000, Used 0, User: Used 2 
'C 20-Jan-2026 17:30:09.067;  <-loadAllDB (this=000001CB4B789AB0) 
' 0:< SystemSettings: 
' 0:<                   16=multiCoreCharacteristic 
' 0:<                 true=isDotNetInstalled 
' 0:<    4.8.09221(533509)=dotNetInstalledVersionString 
' 0:<                false=isProcessUserModeExceptionPolicyDisabledForCallbackFilter 
' 0:< ::0:: Delta VM: Avail -108 -> 134213052 MB, Used +18 -> 56 MB, Peak +18 -> 56 MB; RAM: Avail -11 -> 102181 MB, Used +33 -> 138 MB, Peak +33 -> 138 MB 
' 0:< GUI Resource Usage GDI: Avail 9989, Used 11, User: Used 9 
' 0:< Autodesk Revit 2024 
' 0:< 64-bit load point = C:\Program Files\Autodesk\Revit 2024 
' 0:< this journal = C:\Users\darick\.config\opencode\skills\autodesk-revit-dynamo-launcher\assets\journal.0001.worker1.log 
'C 20-Jan-2026 17:30:09.566;  Journal Init 
'C 20-Jan-2026 17:30:09.566;   0:< Log Summary 
' 0:< .Marshalling 
' 0:< ...CompactCaching = 1 (Enabled) 
' 0:< .ThreadPool 
' 0:< ...ActivePoolSize = 51 
' 0:< ...ConfiguredPoolSize = automatic 
' 0:< ...ParallelCores = 16 
' 0:< ...RequestedPoolSize = automatic 
' 0:< .Tuning 
' 0:< ...ElemTable = 1 (Serial except when multithreaded) 
'C 20-Jan-2026 17:30:09.566;  BC: 0,0,0 
' 0:< API_SUCCESS { Registered an external service: Name(DirectContext3D Service); VendorId(ADSK); ServiceId(e454a471-b9f3-4cb7-96b1-bab4cf7742a6) } 
' 0:< API_SUCCESS { Registered an external service: Name(External Data Type Service); VendorId(ADSK); ServiceId(e05a890c-311f-47e5-9652-ebfb7da7663c) } 
' 0:< API_SUCCESS { Registered an external service: Name(External Resource Service); VendorId(ADSK); ServiceId(b3892e5f-9161-4bbc-958a-c8ef75e94e96) } 
' 0:< API_SUCCESS { Registered an external service: Name(External Data Type Service); VendorId(ADSK); ServiceId(8b40f7b3-625b-4e63-8f95-0252f3c488ff) } 
' 0:< API_SUCCESS { Registered an external service: Name(Generic Repository Helper Service); VendorId(ADSK); ServiceId(cf24951a-62aa-4c7c-a26a-cdb1379b3649) } 
' 0:< API_SUCCESS { Registered an external service: Name(GeometryAugmentationService); VendorId(ADSK); ServiceId(d62a169f-132f-4283-bd7f-1b81c13c9cee) } 
' 0:< API_SUCCESS { Registered an external service: Name(AXM Importer Service); VendorId(ADSK); ServiceId(af2183c2-e854-41cf-85bb-fe0675f12181) } 
' 0:< API_SUCCESS { Registered an external service: Name(NavisworksExportService); VendorId(ADSK); ServiceId(a9bdf0fd-2632-429e-bc35-50ebc2b824d2) } 
' 0:< API_SUCCESS { Registered an external service: Name(External Parameter Service); VendorId(ADSK); ServiceId(0d4ef84e-987b-4106-9a53-2b460ec38abc) } 
' 0:< API_SUCCESS { Registered an external service: Name(Forge Schema Service); VendorId(ADSK); ServiceId(5ec7ab6b-5971-48f2-8f76-d49930e766d7) } 
' 0:< API_SUCCESS { Registered an external service: Name(EntitlementExternalService); VendorId(ADSK); ServiceId(9111ab07-9bd9-4b68-a01f-c0a0dcae1564) } 
' 0:< API_SUCCESS { Registered an external service: Name(ModelAccessValidationService); VendorId(ADSK); ServiceId(584ac31c-5e21-4892-95b5-382680d021bf) } 
' 0:< API_SUCCESS { Registered an external service: Name(CloudExternalService); VendorId(ADSK); ServiceId(279080e0-8c45-44eb-9027-d4eb37ece90d) } 
' 0:< API_SUCCESS { Registered an external service: Name(Infrastructure Alignment Information Service.); VendorId(ADSK); ServiceId(7ca4bc09-66de-4fed-93db-5c8e02874e9d) } 
' 0:< API_SUCCESS { Registered an external service: Name(CustomFieldService); VendorId(ADSK); ServiceId(eb3a8cce-ba50-4b3a-ba8f-b28c8b96fd7d) } 
' 0:< API_SUCCESS { Registered an external service: Name(ExternalDataManagerService); VendorId(ADSK); ServiceId(f036684f-7c8a-4f51-88aa-12dee1414d7b) } 
' 0:< API_SUCCESS { Registered an external service: Name(Code Checking Parameter Service); VendorId(ADSK); ServiceId(de6db8de-dea6-40bd-9503-4ffe62ff6143) } 
' 0:< API_SUCCESS { Registered an external service: Name(Hole Definition Service); VendorId(ADSK); ServiceId(9d39d4fe-6e5f-4088-8655-b349d00e864a) } 
' 0:< API_SUCCESS { Registered an external service: Name(Modify Connection Ranges of applicability Service); VendorId(ADSK); ServiceId(f04d2d31-5d7d-4ec0-8a2b-c52fbd6d83c5) } 
' 0:< API_SUCCESS { Registered an external service: Name(FramingProfileService); VendorId(ADSK); ServiceId(b2f816c0-6493-4537-8067-78a4e67f559e) } 
' 0:< API_SUCCESS { Registered an external service: Name(Modify Connection Parameters Service); VendorId(ADSK); ServiceId(e9c0f948-320e-4e7f-a573-10755555305d) } 
' 0:< API_SUCCESS { Registered an external service: Name(Connection Type Changed Service); VendorId(ADSK); ServiceId(e31c3100-9cab-4303-b85b-4171703ce1c4) } 
' 0:< API_SUCCESS { Registered an external service: Name(Section Type Parameter Service); VendorId(ADSK); ServiceId(c42c9b55-c491-4611-97e9-9e617958e13e) } 
' 0:< API_SUCCESS { Registered an external service: Name(Site Insert Service); VendorId(ADSK); ServiceId(c9979a42-11ab-4c25-93e1-abfb50b7be60) } 
' 0:< API_SUCCESS { Registered an external service: Name(RebarUpdateService); VendorId(ADSK); ServiceId(a2c22b44-c231-4d3f-b653-b81b6f8be150) } 
' 0:< API_SUCCESS { Registered an external service: Name(Path of travel calculator); VendorId(ADSK); ServiceId(ee502325-58ce-4d6e-9a2c-643608b1fbd9) } 
' 0:< API_SUCCESS { Registered an external service: Name(Internal Forces Service); VendorId(ADSK); ServiceId(a97444aa-af8d-4a1e-af1f-fa7b77b368ee) } 
' 0:< API_SUCCESS { Registered an external service: Name(ATF Service); VendorId(ADSK); ServiceId(bb3a96c9-e04a-40e4-8ecf-1464dd6aa7eb) } 
' 0:< API_SUCCESS { Registered an external service: Name(Duct Fitting/Accessory Pressure Drop Calculator); VendorId(ADSK); ServiceId(785d0bd7-3088-489a-af7a-593fc32e2540) } 
' 0:< API_SUCCESS { Registered an external service: Name(Pipe Fitting/Accessory Pressure Drop Calculator); VendorId(ADSK); ServiceId(b8656566-e4ef-4e6a-bedb-9ecc6b5a2780) } 
' 0:< API_SUCCESS { Registered an external service: Name(Duct Pressure Drop Calculator); VendorId(ADSK); ServiceId(8c707bd6-ecd6-4150-a0df-bd6c85dd9bb0) } 
' 0:< API_SUCCESS { Registered an external service: Name(Pipe Pressure Drop Calculator); VendorId(ADSK); ServiceId(62d13e0c-9fe1-4d8e-a0c7-1f93d24cf3f3) } 
' 0:< API_SUCCESS { Registered an external service: Name(Plumbing Flow Calculator); VendorId(ADSK); ServiceId(bf0da776-5307-4747-8285-f358e92a90d0) } 
' 0:< API_SUCCESS { Registered an external service: Name(IFC Export Service); VendorId(ADSK); ServiceId(d8b95737-f943-414c-9ad7-86785bf1acbc) } 
' 0:< API_SUCCESS { Registered an external server: Name(Revit IFC Exporter); VendorId(ADSK); ServerId(ef8d0493-7f36-42b5-b9aa-8aaac716482b); ServiceId(d8b95737-f943-414c-9ad7-86785bf1acbc) } 
' 0:< API_SUCCESS { Registered an external service: Name(IFC Import Service); VendorId(ADSK); ServiceId(98d317e2-e943-4cc0-a3da-2edf32a5d942) } 
' 0:< API_SUCCESS { Registered an external server: Name(Revit IFC Importer); VendorId(ADSK); ServerId(660a7370-f6d6-43c8-8456-6b2eea785110); ServiceId(98d317e2-e943-4cc0-a3da-2edf32a5d942) } 
'C 20-Jan-2026 17:30:09.566;   0:< manage debug modes 
'C 20-Jan-2026 17:30:09.566;   0:< MFCApp::testGraphicsHardware 
' 0:< Revit Graphics Information 
' 0:< 	Current Mode : DirectX Hardware 
' 0:< 	Use Hardware: ON 
' 0:< 	Use Overlays : ON 
' 0:< START updateCanUseHardware 
' 1:< ::0:: Delta VM: Avail +2 -> 134213055 MB, Used +3 -> 59 MB, Peak +39 -> 96 MB; RAM: Avail -79 -> 102102 MB, Used +5 -> 144 MB, Peak +16 -> 155 MB 
' 1:< GUI Resource Usage GDI: Avail 9989, Used 11, User: Used 9 
' 1:< 
'OGS Device Memory Size: 81305 MB 
' 1:< ::0:: Delta VM: Avail -417 -> 134212638 MB, Used +188 -> 247 MB, Peak +153 -> 249 MB; RAM: Avail -49 -> 102054 MB, Used +36 -> 180 MB, Peak +26 -> 182 MB 
' 1:< GUI Resource Usage GDI: Avail 9989, Used 11, User: Used 12 
' 1:< DX Device: DirectX 11, Hardware 
' 1:< DX Device: DirectX 11, WARP 
'C 20-Jan-2026 17:30:14.133;   1:< START video card certification 
' 1:< ::0:: Delta VM: Avail -8 -> 134212631 MB, Used +1 -> 249 MB, Peak +10 -> 259 MB; RAM: Avail -17 -> 102038 MB, Used +3 -> 184 MB, Peak +11 -> 194 MB 
' 1:< GUI Resource Usage GDI: Avail 9989, Used 11, User: Used 12 
' 1:< 
'Current driver version: 32.0.15.8160
'Certified driver(s):  
' 1:< VIDEO CARD ENVIRONMENT: CARD="NVIDIA RTX A5000 Laptop GPU" ManufacturerID="10DE" DeviceID="24B6" osID="8000" DRIVER="32.0.15.8160" DEVICE="DX11" FL_Caps="50" (Shader Model) 
'C 20-Jan-2026 17:30:14.229;   1:< FINISH video card certification 
'  4.656818   1:<<<updateCanUseHardware 
' 0:< 
'Can use hardware=y
'Hardware support flags:
'DrvOlderThanTested=n
'DrvNewerThanTested=n
'CardIsNotListed=y
'NotCertifiedEnv=n
'SoftwareModeForced=n 
' 0:< FINISH CanUseHardware(forced) 
'C 20-Jan-2026 17:30:14.230;   0:< MFCApp::testMSAA 
' 0:< Revit Graphics Information 
' 0:< 	Current Mode : DirectX Hardware 
' 0:< 	Use Hardware: ON 
' 0:< 	Use Overlays : ON 
'C 20-Jan-2026 17:30:14.230;  <-UI-less InitNativeInstance 
'C 20-Jan-2026 17:30:14.230;  ->UI-less InitManagedInstance 
' 0:< ::0:: Delta VM: Avail -461 -> 134212170 MB, Used +16 -> 266 MB, Peak +7 -> 266 MB; RAM: Avail -25 -> 102013 MB, Used +11 -> 195 MB, Peak +1 -> 195 MB 
' 0:< GUI Resource Usage GDI: Avail 9989, Used 11, User: Used 13 
'C 20-Jan-2026 17:30:16.177;  DBG_INFO: The addin file -Dynamo.addin- in current user folder is duplicated.: line 466 of F:\Ship24.3.4\2024_px64\Source\API\APIInterop\AddIn\AddInManagerUtils.cpp. 
' 0:< ::0:: Delta VM: Avail -125 -> 134212045 MB, Used +28 -> 294 MB, Peak +27 -> 294 MB; RAM: Avail -49 -> 101964 MB, Used +35 -> 231 MB, Peak +35 -> 231 MB 
' 0:< GUI Resource Usage GDI: Avail 9989, Used 11, User: Used 13 
' 0:< To make IFC server work. 
' 0:< ::0:: Delta VM: Avail -190 -> 134211856 MB, Used +53 -> 347 MB, Peak +54 -> 349 MB; RAM: Avail -22 -> 101943 MB, Used +83 -> 314 MB, Peak +83 -> 315 MB 
' 0:< GUI Resource Usage GDI: Avail 9989, Used 11, User: Used 13 
' 0:< API_SUCCESS { Registering ApplicationInitialized event by application ATF Translation Server (fa3d130b-2b6b-45be-8734-67536086143f). } 
' 0:< API_SUCCESS { Starting External DB Application: ATF Translation Server, Class: ATFTranslationServer.ATFTranslationServerRegister, Vendor : ADSK(Autodesk, www.autodesk.com), Assembly: C:\Program Files\Autodesk\Revit 2024\AddIns\ATFTranslationServer\Autodesk.ATFTranslationServer.DBApplication.dll, Assembly Version: 24.3.40.26 } 
' 0:< API_SUCCESS { Registered an external server: Name(Bending Detail Schedule Field); VendorId(ADSK); ServerId(2e2052d7-fd50-410f-b931-dc249f698bcf); ServiceId(eb3a8cce-ba50-4b3a-ba8f-b28c8b96fd7d) } 
' 0:< API_SUCCESS { Registered an external server: Name(Bending Detail); VendorId(ADSK); ServerId(52391e2b-b85f-4d2f-94e0-7caca94cb6ad); ServiceId(d62a169f-132f-4283-bd7f-1b81c13c9cee) } 
' 0:< Third Party Updater 'Bending Details DB: Bending Details' registered for all documents. 
' 0:< ::0:: Delta VM: Avail 134211856 MB, Used +0 -> 348 MB; RAM: Avail -14 -> 101930 MB, Used +3 -> 317 MB, Peak +2 -> 317 MB 
' 0:< GUI Resource Usage GDI: Avail 9989, Used 11, User: Used 13 
' 0:< API_SUCCESS { Starting External DB Application: Bending Details DB, Class: BendingDetails.BendingDetails, Vendor : ADSK(), Assembly: C:\Program Files\Autodesk\Revit 2024\AddIns\BendingDetails\Autodesk.BendingDetails.DB.dll, Assembly Version: 24.3.40.26 } 
' 0:< Third Party Updater 'AlignmentsDB: Update or delete alignment station labels.' registered for all documents. 
' 0:< Third Party Updater 'AlignmentsDB: Update alignment depending on units.' registered for all documents. 
' 0:< API_SUCCESS { Registered an external server: Name(AecAlignment Server); VendorId(ADSK); ServerId(0558397d-5761-4a0d-8883-42a166446d81); ServiceId(7ca4bc09-66de-4fed-93db-5c8e02874e9d) } 
' 0:< API_SUCCESS { Starting External DB Application: AlignmentsDB, Class: Autodesk.Revit.DB.Infrastructure.AlignmentsDBApplication, Vendor : ADSK(Autodesk, www.autodesk.com), Assembly: C:\Program Files\Autodesk\Revit 2024\AddIns\CivilAlignments\Autodesk.CivilAlignments.DBApplication.dll, Assembly Version: 24.3.40.26 } 
' 0:< ExternalDBApplication Autodesk.CoordinationModelDB.CoordinationModelDBApplication (C:\Program Files\Autodesk\Revit 2024\AddIns\CoordinationModel\Autodesk.CoordinationModelDB.dll) was not loaded in RevitWorker 
' 0:< ExternalDBApplication EntitlementDB.EntitlementDBApplication (C:\Program Files\Autodesk\Revit 2024\AddIns\ModelBrowser\Autodesk.Entitlement.Utilities.dll) was not loaded in RevitWorker 
' 0:< API_SUCCESS { Registered an external server: Name(Surface Distribution Server); VendorId(ADSK); ServerId(88e37c6b-3ad6-4de3-a610-fcadcbb3021c); ServiceId(a2c22b44-c231-4d3f-b653-b81b6f8be150) } 
' 0:< API_SUCCESS { Registered an external server: Name(Transversal Reinforcement Server ); VendorId(ADSK); ServerId(78ce2a95-71e7-4fe2-96ee-a38554320ea6); ServiceId(a2c22b44-c231-4d3f-b653-b81b6f8be150) } 
' 0:< API_SUCCESS { Starting External DB Application: Free Form Rebar, Class: FreeFormRebar.FreeFormRebar, Vendor : ADSK(https://knowledge.autodesk.com/search?search=Free%20Form%20Rebar&p=REVITPRODUCTS&sort=score), Assembly: C:\Program Files\Autodesk\Revit 2024\AddIns\FreeFormRebar\Autodesk.FreeFormRebar.DB.dll, Assembly Version: 24.3.40.26 } 
' 0:< ExternalDBApplication Autodesk.LightboxDB.Main (C:\Program Files\Autodesk\Revit 2024\AddIns\Lightbox\Autodesk.LightboxDB.dll) was not loaded in RevitWorker 
' 0:< ExternalDBApplication SiteLinker.SiteServerApp (C:\Program Files\Autodesk\Revit 2024\AddIns\SiteLinker\Autodesk.LinkTopography.Parser.dll) was not loaded in RevitWorker 
' 0:< ExternalDBApplication ParametersServiceDB.Application (C:\Program Files\Autodesk\Revit 2024\AddIns\ParametersServiceDB\Autodesk.ParametersService.DB.dll) was not loaded in RevitWorker 
' 0:< API_SUCCESS { Starting External DB Application: Reinforcement Common Utilities, Class: ReinforcementUtilities.ReinforcementUtilitiesApp, Vendor : ADSK(), Assembly: C:\Program Files\Autodesk\Revit 2024\AddIns\ReinforcementUtilities\Autodesk.Reinforcement.Utilities.dll, Assembly Version: 24.3.40.26 } 
' 0:< ExternalDBApplication Autodesk.Revit.DB.ResultsBuilder.ResultsBuilderApplication (C:\Program Files\Autodesk\Revit 2024\AddIns\ResultsManagerExplorer\Autodesk.ResultsBuilder.DBApplication.dll) was not loaded in RevitWorker 
' 0:< ::0:: Delta VM: Avail 134211856 MB, Used 348 MB; RAM: Avail -11 -> 101919 MB, Used +0 -> 318 MB, Peak +1 -> 319 MB 
' 0:< GUI Resource Usage GDI: Avail 9989, Used 11, User: Used 13 
' 0:< API_SUCCESS { Registering DocumentClosing event by application Route Analysis (40e082fd-2661-4bbb-83f0-e960745a72a2). } 
' 0:< API_SUCCESS { Registering DocumentChanged event by application Route Analysis (40e082fd-2661-4bbb-83f0-e960745a72a2). } 
' 0:< API_SUCCESS { Registered an external server: Name(Simulex (tm) Calculation); VendorId(ADSK); ServerId(3ac50ffe-852f-4a77-941f-851ddfbcbd57); ServiceId(ee502325-58ce-4d6e-9a2c-643608b1fbd9) } 
' 0:< API_SUCCESS { Starting External DB Application: Route Analysis, Class: RouteAnalysisDB.RouteAnalysisDBApplication, Vendor : ADSK(https://knowledge.autodesk.com/search?p=REVITPRODUCTS&search=Path%20of%20Travel&sort=score&page=1&knowledgeSource=Product%20Documentation), Assembly: C:\Program Files\Autodesk\Revit 2024\AddIns\RouteAnalysis\Autodesk.RouteAnalysis.DBApplication.dll, Assembly Version: 24.3.40.26 } 
' 0:< ::0:: Delta VM: Avail -2 -> 134211854 MB, Used +1 -> 349 MB, Peak +2 -> 351 MB; RAM: Avail -18 -> 101901 MB, Used +5 -> 323 MB, Peak +6 -> 325 MB 
' 0:< GUI Resource Usage GDI: Avail 9989, Used 11, User: Used 13 
' 0:< API_SUCCESS { Registering DocumentCreating event by application Steel Connections DB extension (9f2e732a-289e-4185-b701-15d33c31653f). } 
' 0:< API_SUCCESS { Registering DocumentCreated event by application Steel Connections DB extension (9f2e732a-289e-4185-b701-15d33c31653f). } 
' 0:< API_SUCCESS { Registering DocumentOpening event by application Steel Connections DB extension (9f2e732a-289e-4185-b701-15d33c31653f). } 
' 0:< API_SUCCESS { Registering DocumentOpened event by application Steel Connections DB extension (9f2e732a-289e-4185-b701-15d33c31653f). } 
' 0:< API_SUCCESS { Registering DocumentClosing event by application Steel Connections DB extension (9f2e732a-289e-4185-b701-15d33c31653f). } 
' 0:< API_SUCCESS { Registering DocumentSaving event by application Steel Connections DB extension (9f2e732a-289e-4185-b701-15d33c31653f). } 
' 0:< API_SUCCESS { Registering DocumentSavingAs event by application Steel Connections DB extension (9f2e732a-289e-4185-b701-15d33c31653f). } 
' 0:< API_SUCCESS { Registering DocumentSaved event by application Steel Connections DB extension (9f2e732a-289e-4185-b701-15d33c31653f). } 
' 0:< API_SUCCESS { Registering DocumentSavedAs event by application Steel Connections DB extension (9f2e732a-289e-4185-b701-15d33c31653f). } 
' 0:< API_SUCCESS { Registering DocumentChanged event by application Steel Connections DB extension (9f2e732a-289e-4185-b701-15d33c31653f). } 
' 0:< API_SUCCESS { Registering DocumentClosed event by application Steel Connections DB extension (9f2e732a-289e-4185-b701-15d33c31653f). } 
' 0:< API_SUCCESS { Registering LinkedResourceOpened event by application Steel Connections DB extension (9f2e732a-289e-4185-b701-15d33c31653f). } 
' 0:< API_SUCCESS { Registering LinkedResourceOpening event by application Steel Connections DB extension (9f2e732a-289e-4185-b701-15d33c31653f). } 
' 0:< API_SUCCESS { Registering DocumentSynchronizingWithCentral event by application Steel Connections DB extension (9f2e732a-289e-4185-b701-15d33c31653f). } 
' 0:< API_SUCCESS { Registering DocumentSynchronizedWithCentral event by application Steel Connections DB extension (9f2e732a-289e-4185-b701-15d33c31653f). } 
' 0:< Third Party Updater 'Steel Connections DB extension: Steel Fabrication Updater' registered for all documents. 
' 0:< ::0:: Delta VM: Avail -76 -> 134211778 MB, Used +10 -> 360 MB, Peak +9 -> 360 MB; RAM: Avail -36 -> 101865 MB, Used +19 -> 343 MB, Peak +18 -> 343 MB 
' 0:< GUI Resource Usage GDI: Avail 9989, Used 11, User: Used 13 
'C 20-Jan-2026 17:30:27.375;   0:< Checking SQL instance SteelConnections2024v15 health... 
' 0:< ::0:: Delta VM: Avail 134211778 MB, Used 360 MB; RAM: Avail -1022 -> 100844 MB, Used 343 MB, Peak +0 -> 344 MB 
' 0:< GUI Resource Usage GDI: Avail 9989, Used 11, User: Used 13 
'C 20-Jan-2026 17:30:29.304;   0:< Testing connection to Steel Connections databases... 
' 0:< ::0:: Delta VM: Avail -275 -> 134211504 MB, Used +66 -> 426 MB, Peak +66 -> 427 MB; RAM: Avail -281 -> 100564 MB, Used +111 -> 455 MB, Peak +111 -> 455 MB 
' 0:< GUI Resource Usage GDI: Avail 9988, Used 12, User: Used 14 
' 0:< API_SUCCESS { Starting External DB Application: Steel Connections DB extension, Class: Autodesk.SteelConnectionsDB.Main, Vendor : ADSK(https://knowledge.autodesk.com/search?search=detailed%20steel%20modeling&p=REVITPRODUCTS&sort=score), Assembly: C:\Program Files\Autodesk\Revit 2024\AddIns\SteelConnections\Autodesk.SteelConnectionsDB.dll, Assembly Version: 24.3.40.26 } 
' 0:< ExternalDBApplication Autodesk.Revit.DB.StructuralRibbon.Application (C:\Program Files\Autodesk\Revit 2024\AddIns\ResultsManagerExplorer\Autodesk.StructuralRibbon.Application.dll) was not loaded in RevitWorker 
' 0:< ExternalDBApplication ConnectedDesktopDB.ServerApp (C:\Program Files\Autodesk\Revit 2024\AddIns\ConnectedDesktop\ConnectedDesktopDB.dll) was not loaded in RevitWorker 
' 0:< ExternalDBApplication KeynoteDBServer.ServerApp (C:\Program Files\Autodesk\Revit 2024\AddIns\Keynote\KeynoteDBServer.dll) was not loaded in RevitWorker 
' 0:< API_SUCCESS { Registered an external server: Name(Plumbing Fixture Flow); VendorId(ADSK); ServerId(56121d7d-e1d7-42a3-bed8-f4d1d32058c8); ServiceId(bf0da776-5307-4747-8285-f358e92a90d0) } 
' 0:< API_SUCCESS { Registered an external server: Name(Altshul-Tsal Equation); VendorId(ADSK); ServerId(042a10e0-8d24-46a4-9596-d192b3125d0c); ServiceId(8c707bd6-ecd6-4150-a0df-bd6c85dd9bb0) } 
' 0:< API_SUCCESS { Registered an external server: Name(Haaland Equation); VendorId(USERADDIN); ServerId(2e9a77c0-62a0-4693-9442-33312be60ad7); ServiceId(8c707bd6-ecd6-4150-a0df-bd6c85dd9bb0) } 
' 0:< API_SUCCESS { Registered an external server: Name(Haaland Equation); VendorId(USERADDIN); ServerId(58ea1b7c-2fca-453f-9ab9-7a3b9927ecc1); ServiceId(62d13e0c-9fe1-4d8e-a0c7-1f93d24cf3f3) } 
' 0:< API_SUCCESS { Registered an external server: Name(Colebrook Equation); VendorId(USERADDIN); ServerId(e395a0ec-48a4-4255-b957-afbb3d73cb67); ServiceId(8c707bd6-ecd6-4150-a0df-bd6c85dd9bb0) } 
' 0:< API_SUCCESS { Registered an external server: Name(Colebrook Equation); VendorId(USERADDIN); ServerId(0875f550-6141-4e34-a6b7-547cf9cfda01); ServiceId(62d13e0c-9fe1-4d8e-a0c7-1f93d24cf3f3) } 
' 0:< API_SUCCESS { Starting External DB Application: Straight Segment Pressure Drop Servers, Class: StraightSegmentCalculationServers.ServerApp, Vendor : ADSK(https://knowledge.autodesk.com/search?p=REVITPRODUCTS&search=Pipe%20Pressure%20Drop&sort=score&page=1&knowledgeSource=Product%20Documentation), Assembly: C:\Program Files\Autodesk\Revit 2024\AddIns\MEPCalculation\Autodesk.MEP.SegmentCalculation.DBApplication.dll, Assembly Version: 24.3.40.26 } 
' 0:< API_SUCCESS { Registered an external server: Name(Not Defined); VendorId(ADSK); ServerId(76eff5da-2e71-45f7-b940-cc5716328ba0); ServiceId(785d0bd7-3088-489a-af7a-593fc32e2540) } 
' 0:< ::0:: Delta VM: Avail -1 -> 134211503 MB, Used 426 MB; RAM: Avail -14 -> 100550 MB, Used 455 MB, Peak +0 -> 456 MB 
' 0:< GUI Resource Usage GDI: Avail 9988, Used 12, User: Used 14 
' 0:< API_SUCCESS { Registered an external server: Name(Coefficient from ASHRAE Table); VendorId(ADSK); ServerId(8baf7d75-8b9b-46d0-b8ce-3ad1c19e6b19); ServiceId(785d0bd7-3088-489a-af7a-593fc32e2540) } 
' 0:< API_SUCCESS { Registered an external server: Name(Specific Coefficient); VendorId(ADSK); ServerId(5a598293-1504-46cc-a9c0-de55c82848b9); ServiceId(785d0bd7-3088-489a-af7a-593fc32e2540) } 
' 0:< API_SUCCESS { Registered an external server: Name(Specific Loss); VendorId(ADSK); ServerId(46245996-eebb-4536-ac17-9c1cd917d8cf); ServiceId(785d0bd7-3088-489a-af7a-593fc32e2540) } 
' 0:< API_SUCCESS { Registered an external server: Name(Not Defined); VendorId(ADSK); ServerId(61e7b8e1-16d1-4fe4-82f0-327af736323f); ServiceId(b8656566-e4ef-4e6a-bedb-9ecc6b5a2780) } 
' 0:< API_SUCCESS { Registered an external server: Name(K Coefficient from Table); VendorId(ADSK); ServerId(51dd5e98-a9dd-464b-b286-4a37953610bf); ServiceId(b8656566-e4ef-4e6a-bedb-9ecc6b5a2780) } 
' 0:< API_SUCCESS { Registered an external server: Name(Specific Coefficient); VendorId(ADSK); ServerId(32d58662-b467-4f7b-b728-f6ad7b7ba5e3); ServiceId(b8656566-e4ef-4e6a-bedb-9ecc6b5a2780) } 
' 0:< API_SUCCESS { Registered an external server: Name(Specific Loss); VendorId(ADSK); ServerId(16f4f7be-0ac0-461d-a9a4-1d3511cd280e); ServiceId(b8656566-e4ef-4e6a-bedb-9ecc6b5a2780) } 
' 0:< API_SUCCESS { Starting External DB Application: Fitting And Accessory Pressure Drop Servers, Class: FittingAndAccessoryCalculationServers.ServerApp, Vendor : ADSK(https://knowledge.autodesk.com/search?p=REVITPRODUCTS&search=Fitting%20Pressure%20Loss&sort=score&page=1&knowledgeSource=Product%20Documentation), Assembly: C:\Program Files\Autodesk\Revit 2024\AddIns\MEPCalculation\Autodesk.MEP.FittingCalculation.DBApplication.dll, Assembly Version: 24.3.40.26 } 
' 1:< ::0:: Delta VM: Avail -1 -> 134211502 MB, Used +0 -> 427 MB, Peak +2 -> 429 MB; RAM: Avail -12 -> 100539 MB, Used +1 -> 457 MB, Peak +2 -> 459 MB 
' 1:< GUI Resource Usage GDI: Avail 9988, Used 12, User: Used 14 
' 1:< API_SUCCESS { Registered an external server: Name(ATFTranslationServer); VendorId(ADSK); ServerId(252f643e-9927-4c06-a704-4a8b3587b979); ServiceId(bb3a96c9-e04a-40e4-8ecf-1464dd6aa7eb) } 
'C 20-Jan-2026 17:30:43.557;  <-UI-less InitManagedInstance 
'C 20-Jan-2026 17:30:43.557;   0:< RevitWorker.exe 1 
'C 20-Jan-2026 17:30:43.558;   0:< Start RevitProcessMonitor 
'C 20-Jan-2026 17:30:43.558;   0:< Log Summary 
' 0:< .Count 
' 0:< ...DBG_SOMETHING = 1 
'C 20-Jan-2026 17:30:43.558;  BC: 0,0,0 
' 0:< ::0:: Delta VM: Avail -2 -> 134211501 MB, Used 427 MB; RAM: Avail -16 -> 100523 MB, Used 457 MB 
' 0:< GUI Resource Usage GDI: Avail 9988, Used 12, User: Used 14 
'C 20-Jan-2026 17:30:43.574;   0:< logging worker opened main queue Session21360_P0MainQueue 
'C 20-Jan-2026 17:30:43.587;   0:< logging worker opened worker queue Session21360_P1WorkerQueue 
'C 20-Jan-2026 17:30:43.592;   0:< logging started queue minder  
'C 20-Jan-2026 17:30:43.592;   0:< logging started worker services  
'C 20-Jan-2026 17:30:43.592;  ->Worker accepting requests 
